[debug] [2023-09-19T09:40:29.718Z] ----------------------------------------------------------------------
[debug] [2023-09-19T09:40:29.719Z] Command:       /opt/homebrew/Cellar/node/20.6.1/bin/node /opt/homebrew/bin/firebase init
[debug] [2023-09-19T09:40:29.720Z] CLI Version:   11.16.0
[debug] [2023-09-19T09:40:29.720Z] Platform:      darwin
[debug] [2023-09-19T09:40:29.720Z] Node Version:  v20.6.1
[debug] [2023-09-19T09:40:29.720Z] Time:          Tue Sep 19 2023 15:40:29 GMT+0600 (Bangladesh Standard Time)
[debug] [2023-09-19T09:40:29.720Z] ----------------------------------------------------------------------
[debug] 
[debug] [2023-09-19T09:40:29.722Z] > command requires scopes: ["email","openid","https://www.googleapis.com/auth/cloudplatformprojects.readonly","https://www.googleapis.com/auth/firebase","https://www.googleapis.com/auth/cloud-platform"]
[debug] [2023-09-19T09:40:29.722Z] > authorizing via signed-in user (mr.rubelshahriar@gmail.com)
[info] 
     ######## #### ########  ######## ########     ###     ######  ########
     ##        ##  ##     ## ##       ##     ##  ##   ##  ##       ##
     ######    ##  ########  ######   ########  #########  ######  ######
     ##        ##  ##    ##  ##       ##     ## ##     ##       ## ##
     ##       #### ##     ## ######## ########  ##     ##  ######  ########

You're about to initialize a Firebase project in this directory:

  /Users/rubelshahriar/Downloads/task-02/backend

[info] 
=== Project Setup
[info] 
[info] First, let's associate this project directory with a Firebase project.
[info] You can create multiple project aliases by running firebase use --add, 
[info] but for now we'll just set up a default project.
[info] 
[debug] [2023-09-19T09:40:39.747Z] > refreshing access token with scopes: []
[debug] [2023-09-19T09:40:39.751Z] >>> [apiv2][query] POST https://www.googleapis.com/oauth2/v3/token [none]
[debug] [2023-09-19T09:40:39.751Z] >>> [apiv2][body] POST https://www.googleapis.com/oauth2/v3/token [omitted]
[debug] [2023-09-19T09:40:40.065Z] <<< [apiv2][status] POST https://www.googleapis.com/oauth2/v3/token 400
[debug] [2023-09-19T09:40:40.066Z] <<< [apiv2][body] POST https://www.googleapis.com/oauth2/v3/token [omitted]
[debug] [2023-09-19T09:40:40.067Z] >>> [apiv2][query] GET https://firebase.googleapis.com/v1beta1/projects pageSize=100
[debug] [2023-09-19T09:40:40.427Z] <<< [apiv2][status] GET https://firebase.googleapis.com/v1beta1/projects 401
[debug] [2023-09-19T09:40:40.427Z] <<< [apiv2][body] GET https://firebase.googleapis.com/v1beta1/projects [omitted]
[debug] [2023-09-19T09:40:40.428Z] HTTP Error: 401, Request had invalid authentication credentials. Expected OAuth 2 access token, login cookie or other valid authentication credential. See https://developers.google.com/identity/sign-in/web/devconsole-project.
[debug] [2023-09-19T09:40:40.722Z] FirebaseError: HTTP Error: 401, Request had invalid authentication credentials. Expected OAuth 2 access token, login cookie or other valid authentication credential. See https://developers.google.com/identity/sign-in/web/devconsole-project.
    at responseToError (/opt/homebrew/lib/node_modules/firebase-tools/lib/responseToError.js:49:12)
    at RetryOperation._fn (/opt/homebrew/lib/node_modules/firebase-tools/lib/apiv2.js:288:77)
    at process.processTicksAndRejections (node:internal/process/task_queues:95:5)
[error] 
[error] Error: Failed to list Firebase projects. See firebase-debug.log for more info.
